0 info it worked if it ends with ok
1 verbose cli [ 'node',
1 verbose cli   '/usr/local/bin/npm',
1 verbose cli   'install',
1 verbose cli   '--save-dev',
1 verbose cli   'angular-filereader' ]
2 info using npm@2.10.1
3 info using node@v0.12.4
4 verbose install initial load of /Users/justinhaddock/Desktop/spotMe/package.json
5 warn package.json spotme@1.0.0 No description
6 verbose installManyTop reading scoped package data from /Users/justinhaddock/Desktop/spotMe/node_modules/angular/package.json
7 verbose installManyTop reading scoped package data from /Users/justinhaddock/Desktop/spotMe/node_modules/angularfire/package.json
8 verbose installManyTop reading scoped package data from /Users/justinhaddock/Desktop/spotMe/node_modules/firebase/package.json
9 verbose installManyTop reading scoped package data from /Users/justinhaddock/Desktop/spotMe/node_modules/gulp/package.json
10 verbose installManyTop reading scoped package data from /Users/justinhaddock/Desktop/spotMe/node_modules/gulp-autoprefixer/package.json
11 verbose installManyTop reading scoped package data from /Users/justinhaddock/Desktop/spotMe/node_modules/gulp-concat/package.json
12 verbose installManyTop reading scoped package data from /Users/justinhaddock/Desktop/spotMe/node_modules/gulp-concat-css/package.json
13 verbose installManyTop reading scoped package data from /Users/justinhaddock/Desktop/spotMe/node_modules/gulp-gh-pages/package.json
14 verbose installManyTop reading scoped package data from /Users/justinhaddock/Desktop/spotMe/node_modules/gulp-sass/package.json
15 verbose installManyTop reading scoped package data from /Users/justinhaddock/Desktop/spotMe/node_modules/mocha/package.json
16 verbose installManyTop reading scoped package data from /Users/justinhaddock/Desktop/spotMe/node_modules/ng-dialog/package.json
17 verbose installManyTop reading scoped package data from /Users/justinhaddock/Desktop/spotMe/node_modules/streamqueue/package.json
18 info package.json angularfire@1.1.3 No license field.
19 info package.json firebase@2.3.1 No license field.
20 info package.json gulp-concat-css@2.2.0 No license field.
21 info package.json streamqueue@1.1.1 No license field.
22 verbose readDependencies loading dependencies from /Users/justinhaddock/Desktop/spotMe/package.json
23 silly cache add args [ 'angular-filereader', null ]
24 verbose cache add spec angular-filereader
25 silly cache add parsed spec { raw: 'angular-filereader',
25 silly cache add   scope: null,
25 silly cache add   name: 'angular-filereader',
25 silly cache add   rawSpec: '',
25 silly cache add   spec: '*',
25 silly cache add   type: 'range' }
26 silly addNamed angular-filereader@*
27 verbose addNamed "*" is a valid semver range for angular-filereader
28 silly addNameRange { name: 'angular-filereader', range: '*', hasData: false }
29 silly mapToRegistry name angular-filereader
30 silly mapToRegistry using default registry
31 silly mapToRegistry registry https://registry.npmjs.org/
32 silly mapToRegistry uri https://registry.npmjs.org/angular-filereader
33 verbose addNameRange registry:https://registry.npmjs.org/angular-filereader not in flight; fetching
34 verbose request uri https://registry.npmjs.org/angular-filereader
35 verbose request no auth needed
36 info attempt registry request try #1 at 11:36:21 AM
37 verbose request id 7d485d1974894107
38 http request GET https://registry.npmjs.org/angular-filereader
39 http 404 https://registry.npmjs.org/angular-filereader
40 verbose headers { 'content-type': 'application/json',
40 verbose headers   'cache-control': 'max-age=0',
40 verbose headers   'content-length': '2',
40 verbose headers   'accept-ranges': 'bytes',
40 verbose headers   date: 'Wed, 28 Oct 2015 16:36:22 GMT',
40 verbose headers   via: '1.1 varnish',
40 verbose headers   age: '0',
40 verbose headers   connection: 'keep-alive',
40 verbose headers   'x-served-by': 'cache-ord1730-ORD',
40 verbose headers   'x-cache': 'MISS',
40 verbose headers   'x-cache-hits': '0',
40 verbose headers   'x-timer': 'S1446050182.308612,VS0,VE41' }
41 silly get cb [ 404,
41 silly get   { 'content-type': 'application/json',
41 silly get     'cache-control': 'max-age=0',
41 silly get     'content-length': '2',
41 silly get     'accept-ranges': 'bytes',
41 silly get     date: 'Wed, 28 Oct 2015 16:36:22 GMT',
41 silly get     via: '1.1 varnish',
41 silly get     age: '0',
41 silly get     connection: 'keep-alive',
41 silly get     'x-served-by': 'cache-ord1730-ORD',
41 silly get     'x-cache': 'MISS',
41 silly get     'x-cache-hits': '0',
41 silly get     'x-timer': 'S1446050182.308612,VS0,VE41' } ]
42 verbose stack Error: Registry returned 404 for GET on https://registry.npmjs.org/angular-filereader
42 verbose stack     at CachingRegistryClient.<anonymous> (/usr/local/lib/node_modules/npm/node_modules/npm-registry-client/lib/request.js:239:14)
42 verbose stack     at Request._callback (/usr/local/lib/node_modules/npm/node_modules/npm-registry-client/lib/request.js:170:14)
42 verbose stack     at Request.self.callback (/usr/local/lib/node_modules/npm/node_modules/request/request.js:368:22)
42 verbose stack     at Request.emit (events.js:110:17)
42 verbose stack     at Request.<anonymous> (/usr/local/lib/node_modules/npm/node_modules/request/request.js:1219:14)
42 verbose stack     at Request.emit (events.js:129:20)
42 verbose stack     at IncomingMessage.<anonymous> (/usr/local/lib/node_modules/npm/node_modules/request/request.js:1167:12)
42 verbose stack     at IncomingMessage.emit (events.js:129:20)
42 verbose stack     at _stream_readable.js:908:16
42 verbose stack     at process._tickCallback (node.js:355:11)
43 verbose statusCode 404
44 verbose pkgid angular-filereader
45 verbose cwd /Users/justinhaddock/Desktop/spotMe
46 error Darwin 14.3.0
47 error argv "node" "/usr/local/bin/npm" "install" "--save-dev" "angular-filereader"
48 error node v0.12.4
49 error npm  v2.10.1
50 error code E404
51 error 404 Registry returned 404 for GET on https://registry.npmjs.org/angular-filereader
51 error 404
51 error 404 'angular-filereader' is not in the npm registry.
51 error 404 You should bug the author to publish it (or use the name yourself!)
51 error 404 It was specified as a dependency of 'spotme'
51 error 404
51 error 404 Note that you can also install from a
51 error 404 tarball, folder, http url, or git url.
52 verbose exit [ 1, true ]
